
2023-10-16 21:52:32:
Array
(
)

2023-10-16 21:54:22:
Array
(
)

2023-10-16 21:55:55:
Array
(
)

2023-10-16 22:03:06:
Array
(
)

2023-10-16 22:03:39:
Array
(
)

2023-10-16 22:05:01:

2023-10-16 22:09:49:

2023-10-16 22:10:21:
Array
(
)

2023-10-16 22:13:00:
Array
(
)

2023-10-16 22:13:08:
Array
(
)

2023-10-16 22:13:42:
Array
(
)

2023-10-16 22:14:28:
Array
(
)

2023-10-16 22:15:25:
Array
(
)

2023-10-16 22:16:01:
Array
(
)

2023-10-16 22:17:37:
Array
(
)

2023-10-17 13:57:29:
Array
(
    [name] => 123
    [phone] => admin
    [password] => 123123
)

2023-10-17 13:58:08:
Array
(
    [name] => 123
    [phone] => +375(44)444-44-44
    [password] => 123123
)
